Using pre-set license
Built from '2020.3/staging' branch; Version is '2020.3.22f1 (e1a7f79fd887) revision 14788599'; Using compiler version '192528614'; Build Type 'Release'
OS: 'Windows 10 Home China; OS build 19041.1415; Version 2004; 64bit' Language: 'zh' Physical Memory: 15741 MB
BatchMode: 1, IsHumanControllingUs: 0, StartBugReporterOnCrash: 0, Is64bit: 1, IsPro: 0

COMMAND LINE ARGUMENTS:
C:\Program Files\Unity\Hub\Editor\2020.3.22f1\Editor\Unity.exe
-adb2
-batchMode
-noUpm
-name
AssetImportWorker0
-projectPath
C:/Users/Amy/Desktop/Vincent/Github/Unity Projects/rhythm-game/Rhythm Game
-logFile
Logs/AssetImportWorker0.log
-srvPort
63462
Successfully changed project path to: C:/Users/Amy/Desktop/Vincent/Github/Unity Projects/rhythm-game/Rhythm Game
C:/Users/Amy/Desktop/Vincent/Github/Unity Projects/rhythm-game/Rhythm Game
Using Asset Import Pipeline V2.
Refreshing native plugins compatible for Editor in 38.92 ms, found 2 plugins.
Preloading 0 native plugins for Editor in 0.00 ms.
Initialize engine version: 2020.3.22f1 (e1a7f79fd887)
[Subsystems] Discovering subsystems at path C:/Program Files/Unity/Hub/Editor/2020.3.22f1/Editor/Data/Resources/UnitySubsystems
[Subsystems] Discovering subsystems at path C:/Users/Amy/Desktop/Vincent/Github/Unity Projects/rhythm-game/Rhythm Game/Assets
GfxDevice: creating device client; threaded=0
Direct3D:
    Version:  Direct3D 11.0 [level 11.1]
    Renderer: AMD Radeon(TM) Graphics (ID=0x1636)
    Vendor:   
    VRAM:     7870 MB
    Driver:   27.20.11022.14001
Initialize mono
Mono path[0] = 'C:/Program Files/Unity/Hub/Editor/2020.3.22f1/Editor/Data/Managed'
Mono path[1] = 'C:/Program Files/Unity/Hub/Editor/2020.3.22f1/Editor/Data/MonoBleedingEdge/lib/mono/unityjit'
Mono config path = 'C:/Program Files/Unity/Hub/Editor/2020.3.22f1/Editor/Data/MonoBleedingEdge/etc'
Using monoOptions --debugger-agent=transport=dt_socket,embedding=1,server=y,suspend=n,address=127.0.0.1:56140
Begin MonoManager ReloadAssembly
Registering precompiled unity dll's ...
Register platform support module: C:/Program Files/Unity/Hub/Editor/2020.3.22f1/Editor/Data/PlaybackEngines/WindowsStandaloneSupport/UnityEditor.WindowsStandalone.Extensions.dll
Registered in 0.004713 seconds.
Native extension for WindowsStandalone target not found
Refreshing native plugins compatible for Editor in 32.81 ms, found 2 plugins.
Preloading 0 native plugins for Editor in 0.00 ms.
Mono: successfully reloaded assembly
- Completed reload, in  1.185 seconds
Domain Reload Profiling:
	ReloadAssembly (1186ms)
		BeginReloadAssembly (64ms)
			ExecutionOrderSort (0ms)
			DisableScriptedObjects (0ms)
			BackupInstance (0ms)
			ReleaseScriptingObjects (0ms)
			CreateAndSetChildDomain (1ms)
		EndReloadAssembly (442ms)
			LoadAssemblies (57ms)
			RebuildTransferFunctionScriptingTraits (0ms)
			SetupTypeCache (148ms)
			ReleaseScriptCaches (0ms)
			RebuildScriptCaches (31ms)
			SetupLoadedEditorAssemblies (154ms)
				LogAssemblyErrors (0ms)
				InitializePlatformSupportModulesInManaged (4ms)
				SetLoadedEditorAssemblies (0ms)
				RefreshPlugins (33ms)
				BeforeProcessingInitializeOnLoad (10ms)
				ProcessInitializeOnLoadAttributes (78ms)
				ProcessInitializeOnLoadMethodAttributes (28ms)
				AfterProcessingInitializeOnLoad (0ms)
				EditorAssembliesLoaded (0ms)
			ExecutionOrderSort2 (0ms)
			AwakeInstancesAfterBackupRestoration (0ms)
Platform modules already initialized, skipping
Registering precompiled user dll's ...
Registered in 0.007794 seconds.
Begin MonoManager ReloadAssembly
Native extension for WindowsStandalone target not found
Refreshing native plugins compatible for Editor in 0.40 ms, found 2 plugins.
Preloading 0 native plugins for Editor in 0.00 ms.
Mono: successfully reloaded assembly
- Completed reload, in  1.039 seconds
Domain Reload Profiling:
	ReloadAssembly (1040ms)
		BeginReloadAssembly (147ms)
			ExecutionOrderSort (0ms)
			DisableScriptedObjects (4ms)
			BackupInstance (0ms)
			ReleaseScriptingObjects (0ms)
			CreateAndSetChildDomain (22ms)
		EndReloadAssembly (814ms)
			LoadAssemblies (87ms)
			RebuildTransferFunctionScriptingTraits (0ms)
			SetupTypeCache (268ms)
			ReleaseScriptCaches (0ms)
			RebuildScriptCaches (40ms)
			SetupLoadedEditorAssemblies (324ms)
				LogAssemblyErrors (0ms)
				InitializePlatformSupportModulesInManaged (6ms)
				SetLoadedEditorAssemblies (0ms)
				RefreshPlugins (0ms)
				BeforeProcessingInitializeOnLoad (73ms)
				ProcessInitializeOnLoadAttributes (215ms)
				ProcessInitializeOnLoadMethodAttributes (12ms)
				AfterProcessingInitializeOnLoad (17ms)
				EditorAssembliesLoaded (0ms)
			ExecutionOrderSort2 (0ms)
			AwakeInstancesAfterBackupRestoration (6ms)
Platform modules already initialized, skipping
========================================================================
Worker process is ready to serve import requests
Launched and connected shader compiler UnityShaderCompiler.exe after 0.05 seconds
Refreshing native plugins compatible for Editor in 0.39 ms, found 2 plugins.
Preloading 0 native plugins for Editor in 0.00 ms.
Unloading 1536 Unused Serialized files (Serialized files now loaded: 0)
System memory in use before: 74.3 MB.
System memory in use after: 74.4 MB.

Unloading 19 unused Assets to reduce memory usage. Loaded Objects now: 1968.
Total: 3.773300 ms (FindLiveObjects: 0.340900 ms CreateObjectMapping: 0.056200 ms MarkObjects: 3.284500 ms  DeleteObjects: 0.086700 ms)

AssetImportParameters requested are different than current active one (requested -> active):
  custom:framework-win-MediaFoundation: 216162199b28c13a410421893ffa2e32 -> 
  custom:video-decoder-ogg-theora: a1e56fd34408186e4bbccfd4996cb3dc -> 
  custom:container-muxer-webm: aa71ff27fc2769a1b78a27578f13a17b -> 
  custom:container-demuxer-webm: 4f35f7cbe854078d1ac9338744f61a02 -> 
  custom:container-demuxer-ogg: 62fdf1f143b41e24485cea50d1cbac27 -> 
  custom:video-encoder-webm-vp8: eb34c28f22e8b96e1ab97ce403110664 -> 
  custom:video-codec-MediaFoundation-h265: 746d11721c4dcdbdad8f713fa42b33f4 -> 
  custom:video-decoder-webm-vp8: 9c59270c3fd7afecdb556c50c9e8de78 -> 
  custom:audio-decoder-ogg-vorbis: bf7c407c2cedff20999df2af8eb42d56 -> 
  custom:audio-encoder-webm-vorbis: bf7c407c2cedff20999df2af8eb42d56 -> 
========================================================================
Received Import Request.
  path: Assets/TextMesh Pro/Examples & Extras/Resources/Fonts & Materials/Anton SDF.asset
  artifactKey: Guid(8a89fa14b10d46a99122fd4f73fca9a2) Importer(815301076,1909f56bfc062723c751e8b465ee728b)
Start importing Assets/TextMesh Pro/Examples & Extras/Resources/Fonts & Materials/Anton SDF.asset using Guid(8a89fa14b10d46a99122fd4f73fca9a2) Importer(815301076,1909f56bfc062723c751e8b465ee728b)  -> (artifact id: '712cec39fbc2a66fb796f2f4fc1eaa72') in 0.135168 seconds 
  Import took 0.138500 seconds .

========================================================================
Received Import Request.
  Time since last request: 0.000353 seconds.
  path: Assets/TextMesh Pro/Examples & Extras/Resources/Fonts & Materials/Electronic Highway Sign SDF.asset
  artifactKey: Guid(dc36b3fdc14f47ebb36fd484a67e268a) Importer(815301076,1909f56bfc062723c751e8b465ee728b)
Start importing Assets/TextMesh Pro/Examples & Extras/Resources/Fonts & Materials/Electronic Highway Sign SDF.asset using Guid(dc36b3fdc14f47ebb36fd484a67e268a) Importer(815301076,1909f56bfc062723c751e8b465ee728b)  -> (artifact id: '429a83a5b0dab493fd2413297b30fdf1') in 0.035997 seconds 
  Import took 0.038785 seconds .

========================================================================
Received Import Request.
  Time since last request: 0.000272 seconds.
  path: Assets/TextMesh Pro/Examples & Extras/Resources/Fonts & Materials/Bangers SDF.asset
  artifactKey: Guid(125cb55b44b24c4393181402bc6200e6) Importer(815301076,1909f56bfc062723c751e8b465ee728b)
Start importing Assets/TextMesh Pro/Examples & Extras/Resources/Fonts & Materials/Bangers SDF.asset using Guid(125cb55b44b24c4393181402bc6200e6) Importer(815301076,1909f56bfc062723c751e8b465ee728b)  -> (artifact id: 'ef29c4ca34d686f87dc8e17cf43b25fd') in 0.027699 seconds 
  Import took 0.030494 seconds .

========================================================================
Received Import Request.
  Time since last request: 0.000240 seconds.
  path: Assets/TextMesh Pro/Resources/Fonts & Materials/LiberationSans SDF - Fallback.asset
  artifactKey: Guid(2e498d1c8094910479dc3e1b768306a4) Importer(815301076,1909f56bfc062723c751e8b465ee728b)
Start importing Assets/TextMesh Pro/Resources/Fonts & Materials/LiberationSans SDF - Fallback.asset using Guid(2e498d1c8094910479dc3e1b768306a4) Importer(815301076,1909f56bfc062723c751e8b465ee728b)  -> (artifact id: '73c4f4f2da4d2ab57d901e0f40ae3f2f') in 0.022493 seconds 
  Import took 0.026664 seconds .

========================================================================
Received Import Request.
  Time since last request: 0.000860 seconds.
  path: Assets/TextMesh Pro/Examples & Extras/Resources/Fonts & Materials/Roboto-Bold SDF.asset
  artifactKey: Guid(5302535af1044152a457ed104f1f4b91) Importer(815301076,1909f56bfc062723c751e8b465ee728b)
Start importing Assets/TextMesh Pro/Examples & Extras/Resources/Fonts & Materials/Roboto-Bold SDF.asset using Guid(5302535af1044152a457ed104f1f4b91) Importer(815301076,1909f56bfc062723c751e8b465ee728b)  -> (artifact id: '03c59274799776af5eee4dbb75b0aa5f') in 0.021105 seconds 
  Import took 0.025030 seconds .

========================================================================
Received Import Request.
  Time since last request: 0.000577 seconds.
  path: Assets/TextMesh Pro/Resources/Fonts & Materials/LiberationSans SDF.asset
  artifactKey: Guid(8f586378b4e144a9851e7b34d9b748ee) Importer(815301076,1909f56bfc062723c751e8b465ee728b)
Start importing Assets/TextMesh Pro/Resources/Fonts & Materials/LiberationSans SDF.asset using Guid(8f586378b4e144a9851e7b34d9b748ee) Importer(815301076,1909f56bfc062723c751e8b465ee728b)  -> (artifact id: 'f8b7c8c3e3c9a45adbdca63c88707d17') in 0.051089 seconds 
  Import took 0.056935 seconds .

========================================================================
Received Import Request.
  Time since last request: 0.000244 seconds.
  path: Assets/TextMesh Pro/Examples & Extras/Resources/Fonts & Materials/Oswald Bold SDF.asset
  artifactKey: Guid(0161d805a3764c089bef00bfe00793f5) Importer(815301076,1909f56bfc062723c751e8b465ee728b)
Start importing Assets/TextMesh Pro/Examples & Extras/Resources/Fonts & Materials/Oswald Bold SDF.asset using Guid(0161d805a3764c089bef00bfe00793f5) Importer(815301076,1909f56bfc062723c751e8b465ee728b)  -> (artifact id: '21c8220797489e345428130afb23452a') in 0.026568 seconds 
  Import took 0.029470 seconds .

========================================================================
Received Import Request.
  Time since last request: 1324.986338 seconds.
  path: Assets/UIs
  artifactKey: Guid(b8507f7530091f54db4f09eb9f108f8d) Importer(815301076,1909f56bfc062723c751e8b465ee728b)
Start importing Assets/UIs using Guid(b8507f7530091f54db4f09eb9f108f8d) Importer(815301076,1909f56bfc062723c751e8b465ee728b)  -> (artifact id: '73c1bbdc81726e2a56a6483304810f68') in 0.006545 seconds 
  Import took 0.010099 seconds .

========================================================================
Received Import Request.
  Time since last request: 13.886166 seconds.
  path: Assets/UIs/pause.png
  artifactKey: Guid(602f448638987514087deb0e8bf33f70) Importer(815301076,1909f56bfc062723c751e8b465ee728b)
Start importing Assets/UIs/pause.png using Guid(602f448638987514087deb0e8bf33f70) Importer(815301076,1909f56bfc062723c751e8b465ee728b)  -> (artifact id: '25d393e16fd9f7e86223be5516087306') in 0.035851 seconds 
  Import took 0.038727 seconds .

========================================================================
Received Import Request.
  Time since last request: 7.731391 seconds.
  path: Assets/UIs/pause.png
  artifactKey: Guid(602f448638987514087deb0e8bf33f70) Importer(815301076,1909f56bfc062723c751e8b465ee728b)
Start importing Assets/UIs/pause.png using Guid(602f448638987514087deb0e8bf33f70) Importer(815301076,1909f56bfc062723c751e8b465ee728b)  -> (artifact id: 'e58b522f9ae46609d51a7324c7cb4800') in 0.029522 seconds 
  Import took 0.035120 seconds .

========================================================================
Received Import Request.
  Time since last request: 133.239358 seconds.
  path: Assets/UIs/pause 1.png
  artifactKey: Guid(d95fbf3a8e4f76a4cb5ebeb997475034) Importer(815301076,1909f56bfc062723c751e8b465ee728b)
Start importing Assets/UIs/pause 1.png using Guid(d95fbf3a8e4f76a4cb5ebeb997475034) Importer(815301076,1909f56bfc062723c751e8b465ee728b)  -> (artifact id: '1b9fbe6f8bf0ce22dd58ddf20f49278f') in 0.085748 seconds 
  Import took 0.088493 seconds .

========================================================================
Received Import Request.
  Time since last request: 3.730383 seconds.
  path: Assets/UIs/pause.png
  artifactKey: Guid(602f448638987514087deb0e8bf33f70) Importer(815301076,1909f56bfc062723c751e8b465ee728b)
Start importing Assets/UIs/pause.png using Guid(602f448638987514087deb0e8bf33f70) Importer(815301076,1909f56bfc062723c751e8b465ee728b)  -> (artifact id: '76b017735443a33360e81975a972a922') in 0.014434 seconds 
  Import took 0.017771 seconds .

========================================================================
Received Import Request.
  Time since last request: 14.792695 seconds.
  path: Assets/UIs/pause 1.png
  artifactKey: Guid(d95fbf3a8e4f76a4cb5ebeb997475034) Importer(815301076,1909f56bfc062723c751e8b465ee728b)
Start importing Assets/UIs/pause 1.png using Guid(d95fbf3a8e4f76a4cb5ebeb997475034) Importer(815301076,1909f56bfc062723c751e8b465ee728b)  -> (artifact id: '2609d8daceaac396ea44820e4c94e904') in 0.025900 seconds 
  Import took 0.030060 seconds .

========================================================================
Received Import Request.
  Time since last request: 52.740170 seconds.
  path: Assets/UIs/pause-removebg-preview.png
  artifactKey: Guid(0574b8c446bfa434fa656071cd9cf052) Importer(815301076,1909f56bfc062723c751e8b465ee728b)
Start importing Assets/UIs/pause-removebg-preview.png using Guid(0574b8c446bfa434fa656071cd9cf052) Importer(815301076,1909f56bfc062723c751e8b465ee728b)  -> (artifact id: '11d6b5cf2f1ef89a999076e3ff7dd9cd') in 0.032146 seconds 
  Import took 0.035489 seconds .

========================================================================
Received Import Request.
  Time since last request: 5.744270 seconds.
  path: Assets/UIs/pause-removebg-preview.png
  artifactKey: Guid(0574b8c446bfa434fa656071cd9cf052) Importer(815301076,1909f56bfc062723c751e8b465ee728b)
Start importing Assets/UIs/pause-removebg-preview.png using Guid(0574b8c446bfa434fa656071cd9cf052) Importer(815301076,1909f56bfc062723c751e8b465ee728b)  -> (artifact id: '6f71df343cd95c259cd3641eeda7fc0a') in 0.021307 seconds 
  Import took 0.024988 seconds .

========================================================================
Received Import Request.
  Time since last request: 6.153886 seconds.
  path: Assets/UIs/Pause.png
  artifactKey: Guid(0574b8c446bfa434fa656071cd9cf052) Importer(815301076,1909f56bfc062723c751e8b465ee728b)
Start importing Assets/UIs/Pause.png using Guid(0574b8c446bfa434fa656071cd9cf052) Importer(815301076,1909f56bfc062723c751e8b465ee728b)  -> (artifact id: '2ad3c40a2feb7a62fdcacd7fdbb5e418') in 0.015337 seconds 
  Import took 0.018605 seconds .

========================================================================
Received Prepare
Registering precompiled user dll's ...
Registered in 0.009616 seconds.
Begin MonoManager ReloadAssembly
Native extension for WindowsStandalone target not found
Refreshing native plugins compatible for Editor in 0.42 ms, found 2 plugins.
Preloading 0 native plugins for Editor in 0.00 ms.
Mono: successfully reloaded assembly
- Completed reload, in  1.078 seconds
Domain Reload Profiling:
	ReloadAssembly (1079ms)
		BeginReloadAssembly (166ms)
			ExecutionOrderSort (0ms)
			DisableScriptedObjects (7ms)
			BackupInstance (0ms)
			ReleaseScriptingObjects (0ms)
			CreateAndSetChildDomain (66ms)
		EndReloadAssembly (820ms)
			LoadAssemblies (99ms)
			RebuildTransferFunctionScriptingTraits (0ms)
			SetupTypeCache (277ms)
			ReleaseScriptCaches (1ms)
			RebuildScriptCaches (35ms)
			SetupLoadedEditorAssemblies (298ms)
				LogAssemblyErrors (0ms)
				InitializePlatformSupportModulesInManaged (5ms)
				SetLoadedEditorAssemblies (1ms)
				RefreshPlugins (1ms)
				BeforeProcessingInitializeOnLoad (68ms)
				ProcessInitializeOnLoadAttributes (195ms)
				ProcessInitializeOnLoadMethodAttributes (9ms)
				AfterProcessingInitializeOnLoad (18ms)
				EditorAssembliesLoaded (0ms)
			ExecutionOrderSort2 (0ms)
			AwakeInstancesAfterBackupRestoration (6ms)
Platform modules already initialized, skipping
Switching build target platform(19) subTarget(0) extendedPlatform(0) -> platform(9) subTarget(16777218) extendedPlatform(0)
Refreshing native plugins compatible for Editor in 0.47 ms, found 2 plugins.
Preloading 0 native plugins for Editor in 0.00 ms.
Unloading 1520 Unused Serialized files (Serialized files now loaded: 0)
System memory in use before: 76.1 MB.
System memory in use after: 76.2 MB.

Unloading 14 unused Assets to reduce memory usage. Loaded Objects now: 2015.
Total: 3.638300 ms (FindLiveObjects: 0.243900 ms CreateObjectMapping: 0.072900 ms MarkObjects: 3.292600 ms  DeleteObjects: 0.026400 ms)

AssetImportParameters requested are different than current active one (requested -> active):
  custom:framework-win-MediaFoundation: 216162199b28c13a410421893ffa2e32 -> 
  custom:video-decoder-ogg-theora: a1e56fd34408186e4bbccfd4996cb3dc -> 
  custom:container-muxer-webm: aa71ff27fc2769a1b78a27578f13a17b -> 
  custom:container-demuxer-webm: 4f35f7cbe854078d1ac9338744f61a02 -> 
  custom:container-demuxer-ogg: 62fdf1f143b41e24485cea50d1cbac27 -> 
  custom:video-encoder-webm-vp8: eb34c28f22e8b96e1ab97ce403110664 -> 
  custom:video-codec-MediaFoundation-h265: 746d11721c4dcdbdad8f713fa42b33f4 -> 
  custom:video-decoder-webm-vp8: 9c59270c3fd7afecdb556c50c9e8de78 -> 
  custom:graphics/normal-map-encoding: 01000000000000000000000000000000 -> 02000000000000000000000000000000
  custom:audio-decoder-ogg-vorbis: bf7c407c2cedff20999df2af8eb42d56 -> 
  custom:audio-encoder-webm-vorbis: bf7c407c2cedff20999df2af8eb42d56 -> 
========================================================================
Received Prepare
Registering precompiled user dll's ...
Registered in 0.008304 seconds.
Begin MonoManager ReloadAssembly
Native extension for WindowsStandalone target not found
Refreshing native plugins compatible for Editor in 0.40 ms, found 2 plugins.
Preloading 0 native plugins for Editor in 0.00 ms.
Mono: successfully reloaded assembly
- Completed reload, in  1.038 seconds
Domain Reload Profiling:
	ReloadAssembly (1039ms)
		BeginReloadAssembly (110ms)
			ExecutionOrderSort (0ms)
			DisableScriptedObjects (4ms)
			BackupInstance (0ms)
			ReleaseScriptingObjects (0ms)
			CreateAndSetChildDomain (33ms)
		EndReloadAssembly (846ms)
			LoadAssemblies (89ms)
			RebuildTransferFunctionScriptingTraits (0ms)
			SetupTypeCache (276ms)
			ReleaseScriptCaches (1ms)
			RebuildScriptCaches (40ms)
			SetupLoadedEditorAssemblies (304ms)
				LogAssemblyErrors (0ms)
				InitializePlatformSupportModulesInManaged (5ms)
				SetLoadedEditorAssemblies (0ms)
				RefreshPlugins (0ms)
				BeforeProcessingInitializeOnLoad (72ms)
				ProcessInitializeOnLoadAttributes (199ms)
				ProcessInitializeOnLoadMethodAttributes (9ms)
				AfterProcessingInitializeOnLoad (18ms)
				EditorAssembliesLoaded (0ms)
			ExecutionOrderSort2 (0ms)
			AwakeInstancesAfterBackupRestoration (6ms)
Platform modules already initialized, skipping
Switching build target platform(19) subTarget(0) extendedPlatform(0) -> platform(9) subTarget(16777218) extendedPlatform(0)
Refreshing native plugins compatible for Editor in 0.38 ms, found 2 plugins.
Preloading 0 native plugins for Editor in 0.00 ms.
Unloading 1520 Unused Serialized files (Serialized files now loaded: 0)
System memory in use before: 76.1 MB.
System memory in use after: 76.2 MB.

Unloading 14 unused Assets to reduce memory usage. Loaded Objects now: 2017.
Total: 3.794400 ms (FindLiveObjects: 0.272200 ms CreateObjectMapping: 0.092400 ms MarkObjects: 3.406000 ms  DeleteObjects: 0.022100 ms)

AssetImportParameters requested are different than current active one (requested -> active):
  custom:framework-win-MediaFoundation: 216162199b28c13a410421893ffa2e32 -> 
  custom:video-decoder-ogg-theora: a1e56fd34408186e4bbccfd4996cb3dc -> 
  custom:container-muxer-webm: aa71ff27fc2769a1b78a27578f13a17b -> 
  custom:container-demuxer-webm: 4f35f7cbe854078d1ac9338744f61a02 -> 
  custom:container-demuxer-ogg: 62fdf1f143b41e24485cea50d1cbac27 -> 
  custom:video-encoder-webm-vp8: eb34c28f22e8b96e1ab97ce403110664 -> 
  custom:video-codec-MediaFoundation-h265: 746d11721c4dcdbdad8f713fa42b33f4 -> 
  custom:video-decoder-webm-vp8: 9c59270c3fd7afecdb556c50c9e8de78 -> 
  custom:graphics/normal-map-encoding: 01000000000000000000000000000000 -> 02000000000000000000000000000000
  custom:audio-decoder-ogg-vorbis: bf7c407c2cedff20999df2af8eb42d56 -> 
  custom:audio-encoder-webm-vorbis: bf7c407c2cedff20999df2af8eb42d56 -> 
========================================================================
Received Prepare
Registering precompiled user dll's ...
Registered in 0.008866 seconds.
Begin MonoManager ReloadAssembly
Native extension for WindowsStandalone target not found
Refreshing native plugins compatible for Editor in 0.91 ms, found 2 plugins.
Preloading 0 native plugins for Editor in 0.00 ms.
Mono: successfully reloaded assembly
- Completed reload, in  1.373 seconds
Domain Reload Profiling:
	ReloadAssembly (1374ms)
		BeginReloadAssembly (150ms)
			ExecutionOrderSort (0ms)
			DisableScriptedObjects (5ms)
			BackupInstance (0ms)
			ReleaseScriptingObjects (0ms)
			CreateAndSetChildDomain (54ms)
		EndReloadAssembly (1119ms)
			LoadAssemblies (118ms)
			RebuildTransferFunctionScriptingTraits (0ms)
			SetupTypeCache (393ms)
			ReleaseScriptCaches (2ms)
			RebuildScriptCaches (47ms)
			SetupLoadedEditorAssemblies (374ms)
				LogAssemblyErrors (0ms)
				InitializePlatformSupportModulesInManaged (7ms)
				SetLoadedEditorAssemblies (1ms)
				RefreshPlugins (1ms)
				BeforeProcessingInitializeOnLoad (85ms)
				ProcessInitializeOnLoadAttributes (248ms)
				ProcessInitializeOnLoadMethodAttributes (12ms)
				AfterProcessingInitializeOnLoad (21ms)
				EditorAssembliesLoaded (1ms)
			ExecutionOrderSort2 (0ms)
			AwakeInstancesAfterBackupRestoration (8ms)
Platform modules already initialized, skipping
Switching build target platform(19) subTarget(0) extendedPlatform(0) -> platform(9) subTarget(16777218) extendedPlatform(0)
Refreshing native plugins compatible for Editor in 1.05 ms, found 2 plugins.
Preloading 0 native plugins for Editor in 0.00 ms.
Unloading 1520 Unused Serialized files (Serialized files now loaded: 0)
System memory in use before: 76.1 MB.
System memory in use after: 76.2 MB.

Unloading 14 unused Assets to reduce memory usage. Loaded Objects now: 2019.
Total: 5.304900 ms (FindLiveObjects: 0.713100 ms CreateObjectMapping: 0.124000 ms MarkObjects: 4.441100 ms  DeleteObjects: 0.023400 ms)

AssetImportParameters requested are different than current active one (requested -> active):
  custom:framework-win-MediaFoundation: 216162199b28c13a410421893ffa2e32 -> 
  custom:video-decoder-ogg-theora: a1e56fd34408186e4bbccfd4996cb3dc -> 
  custom:container-muxer-webm: aa71ff27fc2769a1b78a27578f13a17b -> 
  custom:container-demuxer-webm: 4f35f7cbe854078d1ac9338744f61a02 -> 
  custom:container-demuxer-ogg: 62fdf1f143b41e24485cea50d1cbac27 -> 
  custom:video-encoder-webm-vp8: eb34c28f22e8b96e1ab97ce403110664 -> 
  custom:video-codec-MediaFoundation-h265: 746d11721c4dcdbdad8f713fa42b33f4 -> 
  custom:video-decoder-webm-vp8: 9c59270c3fd7afecdb556c50c9e8de78 -> 
  custom:graphics/normal-map-encoding: 01000000000000000000000000000000 -> 02000000000000000000000000000000
  custom:audio-decoder-ogg-vorbis: bf7c407c2cedff20999df2af8eb42d56 -> 
  custom:audio-encoder-webm-vorbis: bf7c407c2cedff20999df2af8eb42d56 -> 
========================================================================
Received Prepare
Registering precompiled user dll's ...
Registered in 0.009371 seconds.
Begin MonoManager ReloadAssembly
Native extension for WindowsStandalone target not found
Refreshing native plugins compatible for Editor in 0.75 ms, found 2 plugins.
Preloading 0 native plugins for Editor in 0.00 ms.
Mono: successfully reloaded assembly
- Completed reload, in  1.386 seconds
Domain Reload Profiling:
	ReloadAssembly (1387ms)
		BeginReloadAssembly (152ms)
			ExecutionOrderSort (0ms)
			DisableScriptedObjects (5ms)
			BackupInstance (0ms)
			ReleaseScriptingObjects (0ms)
			CreateAndSetChildDomain (51ms)
		EndReloadAssembly (1139ms)
			LoadAssemblies (121ms)
			RebuildTransferFunctionScriptingTraits (0ms)
			SetupTypeCache (394ms)
			ReleaseScriptCaches (2ms)
			RebuildScriptCaches (44ms)
			SetupLoadedEditorAssemblies (387ms)
				LogAssemblyErrors (0ms)
				InitializePlatformSupportModulesInManaged (10ms)
				SetLoadedEditorAssemblies (1ms)
				RefreshPlugins (1ms)
				BeforeProcessingInitializeOnLoad (89ms)
				ProcessInitializeOnLoadAttributes (252ms)
				ProcessInitializeOnLoadMethodAttributes (14ms)
				AfterProcessingInitializeOnLoad (20ms)
				EditorAssembliesLoaded (1ms)
			ExecutionOrderSort2 (0ms)
			AwakeInstancesAfterBackupRestoration (7ms)
Platform modules already initialized, skipping
Switching build target platform(19) subTarget(0) extendedPlatform(0) -> platform(9) subTarget(16777218) extendedPlatform(0)
Refreshing native plugins compatible for Editor in 0.92 ms, found 2 plugins.
Preloading 0 native plugins for Editor in 0.00 ms.
Unloading 1520 Unused Serialized files (Serialized files now loaded: 0)
System memory in use before: 76.1 MB.
System memory in use after: 76.2 MB.

Unloading 14 unused Assets to reduce memory usage. Loaded Objects now: 2021.
Total: 3.184400 ms (FindLiveObjects: 0.206800 ms CreateObjectMapping: 0.036100 ms MarkObjects: 2.915100 ms  DeleteObjects: 0.024300 ms)

AssetImportParameters requested are different than current active one (requested -> active):
  custom:framework-win-MediaFoundation: 216162199b28c13a410421893ffa2e32 -> 
  custom:video-decoder-ogg-theora: a1e56fd34408186e4bbccfd4996cb3dc -> 
  custom:container-muxer-webm: aa71ff27fc2769a1b78a27578f13a17b -> 
  custom:container-demuxer-webm: 4f35f7cbe854078d1ac9338744f61a02 -> 
  custom:container-demuxer-ogg: 62fdf1f143b41e24485cea50d1cbac27 -> 
  custom:video-encoder-webm-vp8: eb34c28f22e8b96e1ab97ce403110664 -> 
  custom:video-codec-MediaFoundation-h265: 746d11721c4dcdbdad8f713fa42b33f4 -> 
  custom:video-decoder-webm-vp8: 9c59270c3fd7afecdb556c50c9e8de78 -> 
  custom:graphics/normal-map-encoding: 01000000000000000000000000000000 -> 02000000000000000000000000000000
  custom:audio-decoder-ogg-vorbis: bf7c407c2cedff20999df2af8eb42d56 -> 
  custom:audio-encoder-webm-vorbis: bf7c407c2cedff20999df2af8eb42d56 -> 
========================================================================
Received Import Request.
  Time since last request: 2826.842292 seconds.
  path: Assets/Scenes
  artifactKey: Guid(be28112e613dc634ebe72f727761dfd5) Importer(815301076,1909f56bfc062723c751e8b465ee728b)
Start importing Assets/Scenes using Guid(be28112e613dc634ebe72f727761dfd5) Importer(815301076,1909f56bfc062723c751e8b465ee728b)  -> (artifact id: '9f50cf67af4fe986a59421697a33a963') in 0.009745 seconds 
  Import took 0.012691 seconds .

========================================================================
Received Import Request.
  Time since last request: 246.628330 seconds.
  path: Assets/Scenes/StartMenu.unity
  artifactKey: Guid(c6b4691215e5cab4bb906a51fb037540) Importer(815301076,1909f56bfc062723c751e8b465ee728b)
Start importing Assets/Scenes/StartMenu.unity using Guid(c6b4691215e5cab4bb906a51fb037540) Importer(815301076,1909f56bfc062723c751e8b465ee728b)  -> (artifact id: 'e838d04ef59882984a2ff1f6347778cd') in 0.016280 seconds 
  Import took 0.019398 seconds .

========================================================================
Received Import Request.
  Time since last request: 5.590280 seconds.
  path: Assets/Scenes/PlayScene.unity
  artifactKey: Guid(02b1518391b6858489c4ded64fbb637a) Importer(815301076,1909f56bfc062723c751e8b465ee728b)
Start importing Assets/Scenes/PlayScene.unity using Guid(02b1518391b6858489c4ded64fbb637a) Importer(815301076,1909f56bfc062723c751e8b465ee728b)  -> (artifact id: '203cbba17a061dc366970173dcb519be') in 0.008886 seconds 
  Import took 0.012136 seconds .

========================================================================
Received Import Request.
  Time since last request: 734.563675 seconds.
  path: Assets/Scripts
  artifactKey: Guid(dedab6fafc9eb8f43a88af81aa0578af) Importer(815301076,1909f56bfc062723c751e8b465ee728b)
Start importing Assets/Scripts using Guid(dedab6fafc9eb8f43a88af81aa0578af) Importer(815301076,1909f56bfc062723c751e8b465ee728b)  -> (artifact id: '99a937b971c91c4b52eb7ba228dd0452') in 0.008058 seconds 
  Import took 0.012023 seconds .

========================================================================
Received Import Request.
  Time since last request: 16.867184 seconds.
  path: Assets/Scenes/SongSelectScene.unity
  artifactKey: Guid(b13517eb4d728a34ea80a274a8974882) Importer(815301076,1909f56bfc062723c751e8b465ee728b)
Start importing Assets/Scenes/SongSelectScene.unity using Guid(b13517eb4d728a34ea80a274a8974882) Importer(815301076,1909f56bfc062723c751e8b465ee728b)  -> (artifact id: 'f0023b18455e0da3b8eb0909d0c18b9d') in 0.007480 seconds 
  Import took 0.010381 seconds .

========================================================================
Received Import Request.
  Time since last request: 58.693280 seconds.
  path: Assets/Scenes/SongSelectScene.unity
  artifactKey: Guid(b13517eb4d728a34ea80a274a8974882) Importer(815301076,1909f56bfc062723c751e8b465ee728b)
Start importing Assets/Scenes/SongSelectScene.unity using Guid(b13517eb4d728a34ea80a274a8974882) Importer(815301076,1909f56bfc062723c751e8b465ee728b)  -> (artifact id: '540b6fd576978183596c074a245bf230') in 0.006417 seconds 
  Import took 0.010193 seconds .

========================================================================
Received Import Request.
  Time since last request: 2.133504 seconds.
  path: Assets/Scenes/StartMenu.unity
  artifactKey: Guid(c6b4691215e5cab4bb906a51fb037540) Importer(815301076,1909f56bfc062723c751e8b465ee728b)
Start importing Assets/Scenes/StartMenu.unity using Guid(c6b4691215e5cab4bb906a51fb037540) Importer(815301076,1909f56bfc062723c751e8b465ee728b)  -> (artifact id: '96329eb21fe9e19c7b4c713d4c5a7afc') in 0.005725 seconds 
  Import took 0.008952 seconds .

========================================================================
Received Import Request.
  Time since last request: 154.775878 seconds.
  path: Assets/Scenes/PlayScene.unity
  artifactKey: Guid(02b1518391b6858489c4ded64fbb637a) Importer(815301076,1909f56bfc062723c751e8b465ee728b)
Start importing Assets/Scenes/PlayScene.unity using Guid(02b1518391b6858489c4ded64fbb637a) Importer(815301076,1909f56bfc062723c751e8b465ee728b)  -> (artifact id: 'a5aa3fc6695c3f89e62251ba14efb0ef') in 0.007000 seconds 
  Import took 0.010698 seconds .

========================================================================
Received Import Request.
  Time since last request: 638.435703 seconds.
  path: Assets/UIs/siu yu.png
  artifactKey: Guid(d56423ee39ea64c48aa3d0fa9536bf20) Importer(815301076,1909f56bfc062723c751e8b465ee728b)
Start importing Assets/UIs/siu yu.png using Guid(d56423ee39ea64c48aa3d0fa9536bf20) Importer(815301076,1909f56bfc062723c751e8b465ee728b)  -> (artifact id: '83f659232d26796f88fc49460fb666c5') in 0.147840 seconds 
  Import took 0.151379 seconds .

========================================================================
Received Import Request.
  Time since last request: 23.969265 seconds.
  path: Assets/UIs/siu_yu-removebg-preview.png
  artifactKey: Guid(7e4a68b409dca2d4caa99c2899200617) Importer(815301076,1909f56bfc062723c751e8b465ee728b)
Start importing Assets/UIs/siu_yu-removebg-preview.png using Guid(7e4a68b409dca2d4caa99c2899200617) Importer(815301076,1909f56bfc062723c751e8b465ee728b)  -> (artifact id: '177ecdab9d1cc4fd8562d9a3dd12fa72') in 0.030816 seconds 
  Import took 0.033421 seconds .

========================================================================
Received Import Request.
  Time since last request: 6.476389 seconds.
  path: Assets/UIs/siu_yu-removebg-preview.png
  artifactKey: Guid(7e4a68b409dca2d4caa99c2899200617) Importer(815301076,1909f56bfc062723c751e8b465ee728b)
Start importing Assets/UIs/siu_yu-removebg-preview.png using Guid(7e4a68b409dca2d4caa99c2899200617) Importer(815301076,1909f56bfc062723c751e8b465ee728b)  -> (artifact id: '84cac284abc39d55c8456365618068d4') in 0.040945 seconds 
  Import took 0.043845 seconds .

========================================================================
Received Import Request.
  Time since last request: 388.659790 seconds.
  path: Assets/Scenes/SongSelectScene.unity
  artifactKey: Guid(b13517eb4d728a34ea80a274a8974882) Importer(815301076,1909f56bfc062723c751e8b465ee728b)
Start importing Assets/Scenes/SongSelectScene.unity using Guid(b13517eb4d728a34ea80a274a8974882) Importer(815301076,1909f56bfc062723c751e8b465ee728b)  -> (artifact id: 'ec7be5851ff33d5462702440a3b5522f') in 0.006740 seconds 
  Import took 0.011292 seconds .

========================================================================
Received Import Request.
  Time since last request: 20.640842 seconds.
  path: Assets/Scripts/Start.cs
  artifactKey: Guid(de2dfbc60dd097c4a87ee776b0a9b8b4) Importer(815301076,1909f56bfc062723c751e8b465ee728b)
Start importing Assets/Scripts/Start.cs using Guid(de2dfbc60dd097c4a87ee776b0a9b8b4) Importer(815301076,1909f56bfc062723c751e8b465ee728b)  -> (artifact id: 'f21d9ed6e0e9f0a381f73488f8eb6a3c') in 0.016641 seconds 
  Import took 0.021414 seconds .

========================================================================
Received Import Request.
  Time since last request: 22.596500 seconds.
  path: Assets/Scripts/TouchToStart.cs
  artifactKey: Guid(de2dfbc60dd097c4a87ee776b0a9b8b4) Importer(815301076,1909f56bfc062723c751e8b465ee728b)
Start importing Assets/Scripts/TouchToStart.cs using Guid(de2dfbc60dd097c4a87ee776b0a9b8b4) Importer(815301076,1909f56bfc062723c751e8b465ee728b)  -> (artifact id: '4a6afc5b3c8b2798f4143ae797c8006f') in 0.007592 seconds 
  Import took 0.011122 seconds .

========================================================================
Received Prepare
Registering precompiled user dll's ...
Registered in 0.007603 seconds.
Begin MonoManager ReloadAssembly
Native extension for WindowsStandalone target not found
Refreshing native plugins compatible for Editor in 0.39 ms, found 2 plugins.
Preloading 0 native plugins for Editor in 0.00 ms.
Mono: successfully reloaded assembly
- Completed reload, in  1.063 seconds
Domain Reload Profiling:
	ReloadAssembly (1064ms)
		BeginReloadAssembly (121ms)
			ExecutionOrderSort (0ms)
			DisableScriptedObjects (4ms)
			BackupInstance (0ms)
			ReleaseScriptingObjects (0ms)
			CreateAndSetChildDomain (36ms)
		EndReloadAssembly (865ms)
			LoadAssemblies (93ms)
			RebuildTransferFunctionScriptingTraits (0ms)
			SetupTypeCache (260ms)
			ReleaseScriptCaches (1ms)
			RebuildScriptCaches (35ms)
			SetupLoadedEditorAssemblies (295ms)
				LogAssemblyErrors (0ms)
				InitializePlatformSupportModulesInManaged (5ms)
				SetLoadedEditorAssemblies (0ms)
				RefreshPlugins (0ms)
				BeforeProcessingInitializeOnLoad (70ms)
				ProcessInitializeOnLoadAttributes (192ms)
				ProcessInitializeOnLoadMethodAttributes (9ms)
				AfterProcessingInitializeOnLoad (18ms)
				EditorAssembliesLoaded (0ms)
			ExecutionOrderSort2 (0ms)
			AwakeInstancesAfterBackupRestoration (8ms)
Platform modules already initialized, skipping
Switching build target platform(19) subTarget(0) extendedPlatform(0) -> platform(9) subTarget(16777218) extendedPlatform(0)
Refreshing native plugins compatible for Editor in 0.38 ms, found 2 plugins.
Preloading 0 native plugins for Editor in 0.00 ms.
Unloading 1521 Unused Serialized files (Serialized files now loaded: 0)
System memory in use before: 76.2 MB.
System memory in use after: 76.3 MB.

Unloading 14 unused Assets to reduce memory usage. Loaded Objects now: 2027.
Total: 3.877500 ms (FindLiveObjects: 0.277300 ms CreateObjectMapping: 0.088500 ms MarkObjects: 3.486800 ms  DeleteObjects: 0.023200 ms)

AssetImportParameters requested are different than current active one (requested -> active):
  custom:framework-win-MediaFoundation: 216162199b28c13a410421893ffa2e32 -> 
  custom:video-decoder-ogg-theora: a1e56fd34408186e4bbccfd4996cb3dc -> 
  custom:container-muxer-webm: aa71ff27fc2769a1b78a27578f13a17b -> 
  custom:container-demuxer-webm: 4f35f7cbe854078d1ac9338744f61a02 -> 
  custom:container-demuxer-ogg: 62fdf1f143b41e24485cea50d1cbac27 -> 
  custom:video-encoder-webm-vp8: eb34c28f22e8b96e1ab97ce403110664 -> 
  custom:video-codec-MediaFoundation-h265: 746d11721c4dcdbdad8f713fa42b33f4 -> 
  custom:video-decoder-webm-vp8: 9c59270c3fd7afecdb556c50c9e8de78 -> 
  custom:graphics/normal-map-encoding: 01000000000000000000000000000000 -> 02000000000000000000000000000000
  custom:audio-decoder-ogg-vorbis: bf7c407c2cedff20999df2af8eb42d56 -> 
  custom:audio-encoder-webm-vorbis: bf7c407c2cedff20999df2af8eb42d56 -> 
========================================================================
Received Import Request.
  Time since last request: 72.399760 seconds.
  path: Assets/Scripts/TouchToStart.cs
  artifactKey: Guid(de2dfbc60dd097c4a87ee776b0a9b8b4) Importer(815301076,1909f56bfc062723c751e8b465ee728b)
Start importing Assets/Scripts/TouchToStart.cs using Guid(de2dfbc60dd097c4a87ee776b0a9b8b4) Importer(815301076,1909f56bfc062723c751e8b465ee728b)  -> (artifact id: 'aecf0517d23319226c3b1b431dbd9ce3') in 0.007368 seconds 
  Import took 0.010437 seconds .

========================================================================
Received Prepare
Registering precompiled user dll's ...
Registered in 0.008980 seconds.
Begin MonoManager ReloadAssembly
Native extension for WindowsStandalone target not found
Refreshing native plugins compatible for Editor in 0.45 ms, found 2 plugins.
Preloading 0 native plugins for Editor in 0.00 ms.
Mono: successfully reloaded assembly
- Completed reload, in  1.123 seconds
Domain Reload Profiling:
	ReloadAssembly (1124ms)
		BeginReloadAssembly (117ms)
			ExecutionOrderSort (0ms)
			DisableScriptedObjects (4ms)
			BackupInstance (0ms)
			ReleaseScriptingObjects (0ms)
			CreateAndSetChildDomain (35ms)
		EndReloadAssembly (921ms)
			LoadAssemblies (94ms)
			RebuildTransferFunctionScriptingTraits (0ms)
			SetupTypeCache (279ms)
			ReleaseScriptCaches (1ms)
			RebuildScriptCaches (41ms)
			SetupLoadedEditorAssemblies (301ms)
				LogAssemblyErrors (0ms)
				InitializePlatformSupportModulesInManaged (5ms)
				SetLoadedEditorAssemblies (0ms)
				RefreshPlugins (1ms)
				BeforeProcessingInitializeOnLoad (70ms)
				ProcessInitializeOnLoadAttributes (196ms)
				ProcessInitializeOnLoadMethodAttributes (11ms)
				AfterProcessingInitializeOnLoad (18ms)
				EditorAssembliesLoaded (0ms)
			ExecutionOrderSort2 (0ms)
			AwakeInstancesAfterBackupRestoration (7ms)
Platform modules already initialized, skipping
Switching build target platform(19) subTarget(0) extendedPlatform(0) -> platform(9) subTarget(16777218) extendedPlatform(0)
Refreshing native plugins compatible for Editor in 0.60 ms, found 2 plugins.
Preloading 0 native plugins for Editor in 0.00 ms.
Unloading 1521 Unused Serialized files (Serialized files now loaded: 0)
System memory in use before: 76.2 MB.
System memory in use after: 76.3 MB.

Unloading 14 unused Assets to reduce memory usage. Loaded Objects now: 2029.
Total: 3.298500 ms (FindLiveObjects: 0.212900 ms CreateObjectMapping: 0.041100 ms MarkObjects: 3.014900 ms  DeleteObjects: 0.027400 ms)

AssetImportParameters requested are different than current active one (requested -> active):
  custom:framework-win-MediaFoundation: 216162199b28c13a410421893ffa2e32 -> 
  custom:video-decoder-ogg-theora: a1e56fd34408186e4bbccfd4996cb3dc -> 
  custom:container-muxer-webm: aa71ff27fc2769a1b78a27578f13a17b -> 
  custom:container-demuxer-webm: 4f35f7cbe854078d1ac9338744f61a02 -> 
  custom:container-demuxer-ogg: 62fdf1f143b41e24485cea50d1cbac27 -> 
  custom:video-encoder-webm-vp8: eb34c28f22e8b96e1ab97ce403110664 -> 
  custom:video-codec-MediaFoundation-h265: 746d11721c4dcdbdad8f713fa42b33f4 -> 
  custom:video-decoder-webm-vp8: 9c59270c3fd7afecdb556c50c9e8de78 -> 
  custom:graphics/normal-map-encoding: 01000000000000000000000000000000 -> 02000000000000000000000000000000
  custom:audio-decoder-ogg-vorbis: bf7c407c2cedff20999df2af8eb42d56 -> 
  custom:audio-encoder-webm-vorbis: bf7c407c2cedff20999df2af8eb42d56 -> 
========================================================================
Received Import Request.
  Time since last request: 480.633236 seconds.
  path: Assets/Scripts/TouchToStart.cs
  artifactKey: Guid(de2dfbc60dd097c4a87ee776b0a9b8b4) Importer(815301076,1909f56bfc062723c751e8b465ee728b)
Start importing Assets/Scripts/TouchToStart.cs using Guid(de2dfbc60dd097c4a87ee776b0a9b8b4) Importer(815301076,1909f56bfc062723c751e8b465ee728b)  -> (artifact id: 'ddde3fd0af6136e2186d176c6b792072') in 0.010920 seconds 
  Import took 0.013630 seconds .

AssetImportWorkerClient::OnTransportError - code=2 error=End of file
